#
# There is insufficient memory for the Java Runtime Environment to continue.
# Native memory allocation (malloc) failed to allocate 38608 bytes for Chunk::new
# Possible reasons:
#   The system is out of physical RAM or swap space
#   In 32 bit mode, the process size limit was hit
# Possible solutions:
#   Reduce memory load on the system
#   Increase physical memory or swap space
#   Check if swap backing store is full
#   Use 64 bit Java on a 64 bit OS
#   Decrease Java heap size (-Xmx/-Xms)
#   Decrease number of Java threads
#   Decrease Java thread stack sizes (-Xss)
#   Set larger code cache with -XX:ReservedCodeCacheSize=
# This output file may be truncated or incomplete.
#
#  Out of Memory Error (allocation.cpp:323), pid=7668, tid=5780
#
# JRE version: Java(TM) SE Runtime Environment (7.0_51-b13) (build 1.7.0_51-b13)
# Java VM: Java HotSpot(TM) 64-Bit Server VM (24.51-b03 mixed mode windows-amd64 compressed oops)
# Failed to write core dump. Minidumps are not enabled by default on client versions of Windows
#

---------------  T H R E A D  ---------------

Current thread (0x000000000a253000):  JavaThread "Timer-0" [_thread_in_native, id=5780, stack(0x000000000fbb0000,0x000000000fcb0000)]

Stack: [0x000000000fbb0000,0x000000000fcb0000]
[error occurred during error reporting (printing stack bounds), id 0xc0000005]


[error occurred during error reporting (printing native stack), id 0xc0000005]

Java frames: (J=compiled Java code, j=interpreted, Vv=VM code)
j  java.lang.ClassLoader.findBootstrapClass(Ljava/lang/String;)Ljava/lang/Class;+0
j  java.lang.ClassLoader.findBootstrapClassOrNull(Ljava/lang/String;)Ljava/lang/Class;+12
j  java.lang.ClassLoader.loadClass(Ljava/lang/String;Z)Ljava/lang/Class;+48
j  java.lang.ClassLoader.loadClass(Ljava/lang/String;Z)Ljava/lang/Class;+38
j  sun.misc.Launcher$AppClassLoader.loadClass(Ljava/lang/String;Z)Ljava/lang/Class;+36
j  java.lang.ClassLoader.loadClass(Ljava/lang/String;)Ljava/lang/Class;+3
j  java.util.ResourceBundle$RBClassLoader.loadClass(Ljava/lang/String;)Ljava/lang/Class;+10
j  java.util.ResourceBundle$Control.newBundle(Ljava/lang/String;Ljava/util/Locale;Ljava/lang/String;Ljava/lang/ClassLoader;Z)Ljava/util/ResourceBundle;+24
j  java.util.ResourceBundle.loadBundle(Ljava/util/ResourceBundle$CacheKey;Ljava/util/List;Ljava/util/ResourceBundle$Control;Z)Ljava/util/ResourceBundle;+54
j  java.util.ResourceBundle.findBundle(Ljava/util/ResourceBundle$CacheKey;Ljava/util/List;Ljava/util/List;ILjava/util/ResourceBundle$Control;Ljava/util/ResourceBundle;)Ljava/util/ResourceBundle;+213
j  java.util.ResourceBundle.findBundle(Ljava/util/ResourceBundle$CacheKey;Ljava/util/List;Ljava/util/List;ILjava/util/ResourceBundle$Control;Ljava/util/ResourceBundle;)Ljava/util/ResourceBundle;+37
j  java.util.ResourceBundle.getBundleImpl(Ljava/lang/String;Ljava/util/Locale;Ljava/lang/ClassLoader;Ljava/util/ResourceBundle$Control;)Ljava/util/ResourceBundle;+187
j  java.util.ResourceBundle.getBundle(Ljava/lang/String;Ljava/util/Locale;Ljava/util/ResourceBundle$Control;)Ljava/util/ResourceBundle;+9
j  sun.util.resources.LocaleData$1.run()Ljava/util/ResourceBundle;+11
j  sun.util.resources.LocaleData$1.run()Ljava/lang/Object;+1
v  ~StubRoutines::call_stub
j  java.security.AccessController.doPrivileged(Ljava/security/PrivilegedAction;)Ljava/lang/Object;+0
j  sun.util.resources.LocaleData.getBundle(Ljava/lang/String;Ljava/util/Locale;)Ljava/util/ResourceBundle;+9
j  sun.util.resources.LocaleData.getTimeZoneNames(Ljava/util/Locale;)Lsun/util/resources/OpenListResourceBundle;+3
j  sun.util.TimeZoneNameUtility.getBundle(Ljava/util/Locale;)Lsun/util/resources/OpenListResourceBundle;+28
j  sun.util.TimeZoneNameUtility.retrieveDisplayNames(Ljava/lang/String;Ljava/util/Locale;)[Ljava/lang/String;+1
j  java.util.TimeZone.getDisplayNames(Ljava/lang/String;Ljava/util/Locale;)[Ljava/lang/String;+82
j  java.util.TimeZone.getDisplayName(ZILjava/util/Locale;)Ljava/lang/String;+45
j  java.util.Date.toString()Ljava/lang/String;+157
j  com.scau.model.GetTime.getTime()Ljava/lang/String;+133
j  com.scau.ui.Register$UpdateTime.run()V+7
j  java.util.TimerThread.mainLoop()V+221
j  java.util.TimerThread.run()V+1
v  ~StubRoutines::call_stub

---------------  P R O C E S S  ---------------

Java Threads: ( => current thread )
  0x000000000050e000 JavaThread "DestroyJavaVM" [_thread_blocked, id=10400, stack(0x00000000027d0000,0x00000000028d0000)]
=>0x000000000a253000 JavaThread "Timer-0" [_thread_in_native, id=5780, stack(0x000000000fbb0000,0x000000000fcb0000)]
  0x000000000a058000 JavaThread "AWT-EventQueue-0" [_thread_in_native, id=8184, stack(0x000000000f1f0000,0x000000000f2f0000)]
  0x0000000009ef9800 JavaThread "AWT-Windows" daemon [_thread_in_native, id=8640, stack(0x000000000a6d0000,0x000000000a7d0000)]
  0x0000000009ef8800 JavaThread "AWT-Shutdown" [_thread_blocked, id=8644, stack(0x000000000ab30000,0x000000000ac30000)]
  0x0000000009ef8000 JavaThread "Java2D Disposer" daemon [_thread_blocked, id=6676, stack(0x000000000a9f0000,0x000000000aaf0000)]
  0x0000000009ea1000 JavaThread "Service Thread" daemon [_thread_blocked, id=8624, stack(0x000000000a580000,0x000000000a680000)]
  0x0000000008836800 JavaThread "C2 CompilerThread1" daemon [_thread_blocked, id=8636, stack(0x000000000a460000,0x000000000a560000)]
  0x0000000009ea0800 JavaThread "C2 CompilerThread0" daemon [_thread_blocked, id=12500, stack(0x000000000a300000,0x000000000a400000)]
  0x0000000008831000 JavaThread "Attach Listener" daemon [_thread_blocked, id=7448, stack(0x0000000009d90000,0x0000000009e90000)]
  0x000000000882f800 JavaThread "Signal Dispatcher" daemon [_thread_blocked, id=10348, stack(0x00000000097e0000,0x00000000098e0000)]
  0x00000000087c2000 JavaThread "Finalizer" daemon [_thread_blocked, id=6212, stack(0x0000000009b40000,0x0000000009c40000)]
  0x00000000087bb000 JavaThread "Reference Handler" daemon [_thread_blocked, id=6340, stack(0x0000000009a10000,0x0000000009b10000)]

Other Threads:
  0x00000000087b7000 VMThread [stack: 0x0000000009900000,0x0000000009a00000] [id=10136]
  0x0000000009eac000 WatcherThread [stack: 0x000000000a800000,0x000000000a900000] [id=8220]

VM state:not at safepoint (normal execution)

VM Mutex/Monitor currently owned by a thread: None

Heap
 PSYoungGen      total 18944K, used 5522K [0x00000000eb500000, 0x00000000eca00000, 0x0000000100000000)
  eden space 16384K, 33% used [0x00000000eb500000,0x00000000eba648b8,0x00000000ec500000)
  from space 2560K, 0% used [0x00000000ec780000,0x00000000ec780000,0x00000000eca00000)
  to   space 2560K, 0% used [0x00000000ec500000,0x00000000ec500000,0x00000000ec780000)
 ParOldGen       total 41984K, used 0K [0x00000000c2000000, 0x00000000c4900000, 0x00000000eb500000)
  object space 41984K, 0% used [0x00000000c2000000,0x00000000c2000000,0x00000000c4900000)
 PSPermGen       total 21504K, used 10195K [0x00000000bce00000, 0x00000000be300000, 0x00000000c2000000)
  object space 21504K, 47% used [0x00000000bce00000,0x00000000bd7f4ea0,0x00000000be300000)

Card table byte_map: [0x00000000058d0000,0x0000000005af0000] byte_map_base: 0x00000000052e9000

Polling page: 0x00000000001c0000

Code Cache  [0x00000000028d0000, 0x0000000002b40000, 0x00000000058d0000)
 total_blobs=435 nmethods=13 adapters=375 free_code_cache=48629Kb largest_free_block=49786048

Compilation events (10 events):
Event: 0.684 Thread 0x0000000008836800    9             java.util.TreeMap::parentOf (13 bytes)
Event: 0.684 Thread 0x0000000008836800 nmethod 9 0x0000000002944ed0 code [0x0000000002945000, 0x0000000002945058]
Event: 0.704 Thread 0x0000000009ea0800   10             java.nio.HeapByteBuffer::_get (7 bytes)
Event: 0.704 Thread 0x0000000009ea0800 nmethod 10 0x0000000002945b90 code [0x0000000002945cc0, 0x0000000002945d58]
Event: 0.929 Thread 0x0000000009ea0800   11             sun.java2d.loops.GraphicsPrimitive::getUniqueID (5 bytes)
Event: 0.929 Thread 0x0000000009ea0800 nmethod 11 0x0000000002950250 code [0x0000000002950380, 0x00000000029503d8]
Event: 0.972 Thread 0x0000000008836800   12             java.util.Arrays::binarySearch0 (95 bytes)
Event: 0.974 Thread 0x0000000008836800 nmethod 12 0x0000000002953690 code [0x00000000029537e0, 0x0000000002953998]
Event: 0.974 Thread 0x0000000008836800   13             sun.java2d.loops.GraphicsPrimitiveMgr$2::compare (39 bytes)
Event: 0.975 Thread 0x0000000008836800 nmethod 13 0x00000000029519d0 code [0x0000000002951b20, 0x0000000002951bf8]

GC Heap History (0 events):
No events

Deoptimization events (1 events):
Event: 0.640 Thread 0x000000000050e000 Uncommon trap: reason=null_check action=make_not_entrant pc=0x000000000294134c method=java.lang.String.equals(Ljava/lang/Object;)Z @ 8

Internal exceptions (10 events):
Event: 0.711 Thread 0x000000000050e000 Threw 0x00000000eb7aa8c0 at C:\re\jdk7u51\527\hotspot\src\share\vm\prims\jvm.cpp:1244
Event: 0.738 Thread 0x000000000050e000 Threw 0x00000000eb7ac488 at C:\re\jdk7u51\527\hotspot\src\share\vm\prims\jvm.cpp:1244
Event: 0.739 Thread 0x000000000050e000 Threw 0x00000000eb7ad9e8 at C:\re\jdk7u51\527\hotspot\src\share\vm\prims\jvm.cpp:1244
Event: 0.772 Thread 0x000000000050e000 Threw 0x00000000eb7af3f8 at C:\re\jdk7u51\527\hotspot\src\share\vm\prims\jvm.cpp:1244
Event: 0.874 Thread 0x000000000050e000 Threw 0x00000000eb7b0da8 at C:\re\jdk7u51\527\hotspot\src\share\vm\prims\jvm.cpp:1244
Event: 0.875 Thread 0x000000000050e000 Threw 0x00000000eb7b26e8 at C:\re\jdk7u51\527\hotspot\src\share\vm\prims\jvm.cpp:1244
Event: 0.934 Thread 0x000000000050e000 Threw 0x00000000eb7d09c0 at C:\re\jdk7u51\527\hotspot\src\share\vm\prims\jvm.cpp:1244
Event: 0.934 Thread 0x000000000050e000 Threw 0x00000000eb7d1610 at C:\re\jdk7u51\527\hotspot\src\share\vm\prims\jvm.cpp:1244
Event: 0.936 Thread 0x000000000050e000 Threw 0x00000000eb7d48d8 at C:\re\jdk7u51\527\hotspot\src\share\vm\prims\jvm.cpp:1244
Event: 0.936 Thread 0x000000000050e000 Threw 0x00000000eb7d5528 at C:\re\jdk7u51\527\hotspot\src\share\vm\prims\jvm.cpp:1244

Events (10 events):
Event: 0.998 loading class 0x0000000009f03600 done
Event: 0.998 loading class 0x0000000009f035d0 done
Event: 0.998 loading class 0x0000000009f04510 done
Event: 0.998 loading class 0x0000000009f03660
Event: 0.998 loading class 0x0000000009f03660 done
Event: 0.998 loading class 0x0000000009f1ea30
Event: 0.998 loading class 0x0000000009f1ea30 done
Event: 0.998 loading class 0x0000000009f1eb80
Event: 0.998 loading class 0x0000000009f1eb80 done
Event: 0.999 loading class 0x000000000a26c210


Dynamic libraries:
0x000000013f090000 - 0x000000013f0c3000 	D:\java\bin\javaw.exe
0x0000000077990000 - 0x0000000077b39000 	C:\windows\SYSTEM32\ntdll.dll
0x0000000077730000 - 0x000000007784f000 	C:\windows\system32\kernel32.dll
0x000007fefdd50000 - 0x000007fefddbc000 	C:\windows\system32\KERNELBASE.dll
0x000007fefe630000 - 0x000007fefe70b000 	C:\windows\system32\ADVAPI32.dll
0x000007fefea70000 - 0x000007fefeb0f000 	C:\windows\system32\msvcrt.dll
0x000007fefe710000 - 0x000007fefe72f000 	C:\windows\SYSTEM32\sechost.dll
0x000007fefeb10000 - 0x000007fefec3d000 	C:\windows\system32\RPCRT4.dll
0x00000000774d0000 - 0x00000000775ca000 	C:\windows\system32\USER32.dll
0x000007fefedc0000 - 0x000007fefee27000 	C:\windows\system32\GDI32.dll
0x000007fefedb0000 - 0x000007fefedbe000 	C:\windows\system32\LPK.dll
0x000007fefe0d0000 - 0x000007fefe199000 	C:\windows\system32\USP10.dll
0x000007fefc830000 - 0x000007fefca24000 	C:\windows\WinSxS\amd64_microsoft.windows.common-controls_6595b64144ccf1df_6.0.7601.17514_none_fa396087175ac9ac\COMCTL32.dll
0x000007fefe400000 - 0x000007fefe471000 	C:\windows\system32\SHLWAPI.dll
0x000007feffc20000 - 0x000007feffc4e000 	C:\windows\system32\IMM32.DLL
0x000007fefe520000 - 0x000007fefe629000 	C:\windows\system32\MSCTF.dll
0x00000000607d0000 - 0x00000000608a2000 	D:\java\bin\msvcr100.dll
0x00000000716f0000 - 0x0000000071eb9000 	D:\java\bin\server\jvm.dll
0x000007fef95a0000 - 0x000007fef95a9000 	C:\windows\system32\WSOCK32.dll
0x000007feffc50000 - 0x000007feffc9d000 	C:\windows\system32\WS2_32.dll
0x000007fefe730000 - 0x000007fefe738000 	C:\windows\system32\NSI.dll
0x000007fefddd0000 - 0x000007fefde0b000 	C:\windows\system32\WINMM.dll
0x0000000077b50000 - 0x0000000077b57000 	C:\windows\system32\PSAPI.DLL
0x0000000072100000 - 0x000000007210f000 	D:\java\bin\verify.dll
0x0000000071ff0000 - 0x0000000072018000 	D:\java\bin\java.dll
0x00000000716d0000 - 0x00000000716e5000 	D:\java\bin\zip.dll
0x00000000712f0000 - 0x0000000071485000 	D:\java\bin\awt.dll
0x000007fefecd0000 - 0x000007fefeda7000 	C:\windows\system32\OLEAUT32.dll
0x000007fefe840000 - 0x000007fefea43000 	C:\windows\system32\ole32.dll
0x000007fefde60000 - 0x000007fefde78000 	C:\windows\system32\DWMAPI.DLL
0x000007fefc490000 - 0x000007fefc4e6000 	C:\windows\system32\uxtheme.dll
0x0000000180000000 - 0x0000000180013000 	C:\Program Files (x86)\kingsoft\ksdef\ksdefdll64.dll
0x000007fefda50000 - 0x000007fefdaa7000 	C:\windows\system32\apphelp.dll
0x000007fef57a0000 - 0x000007fef5e72000 	C:\windows\system32\SOGOUPY.IME
0x000007fefbb60000 - 0x000007fefbb67000 	C:\windows\system32\MSIMG32.dll
0x000007fefb240000 - 0x000007fefb294000 	C:\windows\system32\OLEACC.dll
0x000007fefb7e0000 - 0x000007fefb80d000 	C:\windows\system32\ntmarta.dll
0x000007feffbc0000 - 0x000007feffc12000 	C:\windows\system32\WLDAP32.dll
0x000007fefcd20000 - 0x000007fefcd2c000 	C:\windows\system32\VERSION.dll
0x000007fefee30000 - 0x000007feffbb8000 	C:\windows\system32\SHELL32.dll
0x000007fefdab0000 - 0x000007fefdabf000 	C:\windows\system32\CRYPTBASE.dll
0x000007fef6170000 - 0x000007fef6306000 	D:\sou gou\SogouInput\Components\PicFace\1.0.0.1068\PicFace64.dll
0x000007fefdbc0000 - 0x000007fefdbcf000 	C:\windows\system32\profapi.dll
0x00000000709d0000 - 0x0000000070a17000 	D:\java\bin\fontmanager.dll
0x000007fef60e0000 - 0x000007fef610a000 	D:\sou gou\SogouInput\Components\SgAppender\1.0.0.207\SgAppender_Dll64.dll
0x00000000715e0000 - 0x00000000715f9000 	D:\java\bin\net.dll
0x000007fefd3f0000 - 0x000007fefd445000 	C:\windows\system32\mswsock.dll
0x000007fefd3e0000 - 0x000007fefd3e7000 	C:\windows\System32\wship6.dll
0x00000000715c0000 - 0x00000000715d1000 	D:\java\bin\nio.dll
0x0000000070940000 - 0x0000000070981000 	D:\java\bin\t2k.dll
0x000007fef6090000 - 0x000007fef60de000 	D:\sou gou\SogouInput\Components\SGImeGuard\1.0.0.27\SGImeGuard64.dll
0x000007fefe480000 - 0x000007fefe519000 	C:\windows\system32\CLBCatQ.DLL
0x000007fefbe30000 - 0x000007fefbf5a000 	C:\windows\system32\WindowsCodecs.dll
0x000000000e810000 - 0x000000000e8cf000 	D:\sou gou\SogouInput\7.2.1.3736\Resource.dll
0x000007fef9e00000 - 0x000007fef9f25000 	C:\windows\system32\DbgHelp.dll
0x000007fefde10000 - 0x000007fefde3c000 	C:\windows\system32\powrprof.dll
0x000007fefe220000 - 0x000007fefe3f7000 	C:\windows\system32\SETUPAPI.dll
0x000007fefdd10000 - 0x000007fefdd46000 	C:\windows\system32\CFGMGR32.dll
0x000007fefde40000 - 0x000007fefde5a000 	C:\windows\system32\DEVOBJ.dll

VM Arguments:
jvm_args: -Dfile.encoding=GBK 
java_command: com.scau.ui.Register
Launcher Type: SUN_STANDARD

Environment Variables:
JAVA_HOME=D:\java
CLASSPATH=.;D:\java\lib\tools.jar;D:\java\lib\dt.jar;
PATH=C:\PROGRAM FILES (X86)\AMD APP\BIN\X86_64;C:\PROGRAM FILES (X86)\AMD APP\BIN\X86;C:\PROGRAM FILES (X86)\INTEL\ICLS CLIENT\;C:\PROGRAM FILES\INTEL\ICLS CLIENT\;C:\windows\SYSTEM32;C:\windows;C:\windows\SYSTEM32\WBEM;C:\windows\SYSTEM32\WINDOWSPOWERSHELL\V1.0\;C:\PROGRAM FILES\INTEL\INTEL(R) MANAGEMENT ENGINE COMPONENTS\DAL;C:\PROGRAM FILES\INTEL\INTEL(R) MANAGEMENT ENGINE COMPONENTS\IPT;C:\PROGRAM FILES (X86)\INTEL\INTEL(R) MANAGEMENT ENGINE COMPONENTS\DAL;C:\PROGRAM FILES (X86)\INTEL\INTEL(R) MANAGEMENT ENGINE COMPONENTS\IPT;C:\PROGRAM FILES (X86)\INTEL\OPENCL SDK\2.0\BIN\X86;C:\PROGRAM FILES (X86)\INTEL\OPENCL SDK\2.0\BIN\X64;C:\PROGRAM FILES (X86)\ATI TECHNOLOGIES\ATI.ACE\CORE-STATIC;C:\PROGRAM FILES (X86)\LENOVO\LENOVO HOME\;E:\android-sdk-windows\platform-tools;E:\android-sdk-windows\tools;D:\tomcat\tomcat;D:\java\bin;D:\MinGw\bin;D:\MinGw\msys\1.0\bin;D:\Git\Git\cmd;D:\Git\Git\bin;D:\java\jre\bin;D:\androidstudio\AndroidStudio\bin;D:\tortoisegit\bin;D:\Ant\apache-ant-1.9.4\bin;;D:\CVS\cvsnt;D:\NDK\android-ndk-r10b;C:\Program Files (x86)\Lenovo\Lenovo Home\DCMainWin.exe
USERNAME=lenovo
OS=Windows_NT
PROCESSOR_IDENTIFIER=Intel64 Family 6 Model 58 Stepping 9, GenuineIntel



---------------  S Y S T E M  ---------------

OS: Windows 7 , 64 bit Build 7601 Service Pack 1

CPU:total 4 (2 cores per cpu, 2 threads per core) family 6 model 58 stepping 9, cmov, cx8, fxsr, mmx, sse, sse2, sse3, ssse3, sse4.1, sse4.2, popcnt, avx, erms, ht, tsc, tscinvbit, tscinv

Memory: 4k page, physical 4060008k(598028k free), swap 10146848k(3728k free)

vm_info: Java HotSpot(TM) 64-Bit Server VM (24.51-b03) for windows-amd64 JRE (1.7.0_51-b13), built on Dec 18 2013 18:40:56 by "java_re" with unknown MS VC++:1600

time: Thu Nov 13 00:50:03 2014
elapsed time: 5 seconds

